<?xml version="1.0" encoding="UTF-8"?>
<!-- Generated by org.testng.reporters.JUnitReportReporter -->
<testsuite skipped="0" hostname="ADMINRG-5TR1J4C" name="com.altius.automation.TestAutomation" tests="2" failures="0" timestamp="10 Jan 2019 10:35:13 GMT" time="16.511" errors="0">
  <testcase name="search" time="6.586" classname="com.altius.automation.TestAutomation"/>
  <testcase name="select" time="9.925" classname="com.altius.automation.TestAutomation"/>
</testsuite> <!-- com.altius.automation.TestAutomation -->
