<?xml version="1.0" encoding="UTF-8"?>
<!-- Generated by org.testng.reporters.JUnitReportReporter -->
<testsuite skipped="0" hostname="ADMINRG-5TR1J4C" name="com.altius.automation.TestAutomation" tests="5" failures="0" timestamp="08 Jan 2019 12:32:37 GMT" time="31.896" errors="0">
  <testcase name="Crminfo_Add_meal" time="1.633" classname="com.altius.automation.TestAutomation"/>
  <testcase name="Login_valid" time="2.384" classname="com.altius.automation.TestAutomation"/>
  <testcase name="Crminfo_Add" time="13.408" classname="com.altius.automation.TestAutomation"/>
  <testcase name="Login_invalid" time="0.980" classname="com.altius.automation.TestAutomation"/>
  <testcase name="individual_enrollment" time="13.491" classname="com.altius.automation.TestAutomation"/>
</testsuite> <!-- com.altius.automation.TestAutomation -->
